# JRE version: Java(TM) SE Runtime Environment (8.0_111-b14) (build 1.8.0_111-b14)
# Java VM: Java HotSpot(TM) 64-Bit Server VM (25.111-b14 mixed mode windows-amd64 compressed oops)
Heap:
 PSYoungGen      total 92160K, used 61249K [0x0000000783f00000, 0x000000078de00000, 0x00000007c0000000)
  eden space 84480K, 63% used [0x0000000783f00000,0x0000000787351808,0x0000000789180000)
  from space 7680K, 99% used [0x000000078a180000,0x000000078a8fec28,0x000000078a900000)
  to   space 16384K, 0% used [0x0000000789180000,0x0000000789180000,0x000000078a180000)
 ParOldGen       total 96768K, used 24241K [0x000000070bc00000, 0x0000000711a80000, 0x0000000783f00000)
  object space 96768K, 25% used [0x000000070bc00000,0x000000070d3ac5d0,0x0000000711a80000)
 Metaspace       used 23640K, capacity 24218K, committed 24448K, reserved 1071104K
  class space    used 2732K, capacity 2911K, committed 2944K, reserved 1048576K
GC Heap History (10 events):
Event: 2.275 GC heap before
{Heap before GC invocations=3 (full 0):
 PSYoungGen      total 54272K, used 54253K [0x0000000783f00000, 0x0000000787b80000, 0x00000007c0000000)
  eden space 46592K, 100% used [0x0000000783f00000,0x0000000786c80000,0x0000000786c80000)
  from space 7680K, 99% used [0x0000000787400000,0x0000000787b7b770,0x0000000787b80000)
  to   space 7680K, 0% used [0x0000000786c80000,0x0000000786c80000,0x0000000787400000)
 ParOldGen       total 124416K, used 2134K [0x000000070bc00000, 0x0000000713580000, 0x0000000783f00000)
  object space 124416K, 1% used [0x000000070bc00000,0x000000070be15850,0x0000000713580000)
 Metaspace       used 15792K, capacity 15980K, committed 16128K, reserved 1062912K
  class space    used 1876K, capacity 1978K, committed 2048K, reserved 1048576K
Event: 2.286 GC heap after
Heap after GC invocations=3 (full 0):
 PSYoungGen      total 54272K, used 7664K [0x0000000783f00000, 0x000000078a900000, 0x00000007c0000000)
  eden space 46592K, 0% used [0x0000000783f00000,0x0000000783f00000,0x0000000786c80000)
  from space 7680K, 99% used [0x0000000786c80000,0x00000007873fc010,0x0000000787400000)
  to   space 7680K, 0% used [0x000000078a180000,0x000000078a180000,0x000000078a900000)
 ParOldGen       total 124416K, used 5107K [0x000000070bc00000, 0x0000000713580000, 0x0000000783f00000)
  object space 124416K, 4% used [0x000000070bc00000,0x000000070c0fcd50,0x0000000713580000)
 Metaspace       used 15792K, capacity 15980K, committed 16128K, reserved 1062912K
  class space    used 1876K, capacity 1978K, committed 2048K, reserved 1048576K
}
Event: 2.889 GC heap before
{Heap before GC invocations=4 (full 0):
 PSYoungGen      total 54272K, used 54256K [0x0000000783f00000, 0x000000078a900000, 0x00000007c0000000)
  eden space 46592K, 100% used [0x0000000783f00000,0x0000000786c80000,0x0000000786c80000)
  from space 7680K, 99% used [0x0000000786c80000,0x00000007873fc010,0x0000000787400000)
  to   space 7680K, 0% used [0x000000078a180000,0x000000078a180000,0x000000078a900000)
 ParOldGen       total 124416K, used 5107K [0x000000070bc00000, 0x0000000713580000, 0x0000000783f00000)
  object space 124416K, 4% used [0x000000070bc00000,0x000000070c0fcd50,0x0000000713580000)
 Metaspace       used 16778K, capacity 17142K, committed 17280K, reserved 1064960K
  class space    used 1962K, capacity 2085K, committed 2176K, reserved 1048576K
Event: 2.899 GC heap after
Heap after GC invocations=4 (full 0):
 PSYoungGen      total 100864K, used 7648K [0x0000000783f00000, 0x000000078a900000, 0x00000007c0000000)
  eden space 93184K, 0% used [0x0000000783f00000,0x0000000783f00000,0x0000000789a00000)
  from space 7680K, 99% used [0x000000078a180000,0x000000078a8f8020,0x000000078a900000)
  to   space 7680K, 0% used [0x0000000789a00000,0x0000000789a00000,0x000000078a180000)
 ParOldGen       total 124416K, used 7922K [0x000000070bc00000, 0x0000000713580000, 0x0000000783f00000)
  object space 124416K, 6% used [0x000000070bc00000,0x000000070c3bcba0,0x0000000713580000)
 Metaspace       used 16778K, capacity 17142K, committed 17280K, reserved 1064960K
  class space    used 1962K, capacity 2085K, committed 2176K, reserved 1048576K
}
Event: 3.590 GC heap before
{Heap before GC invocations=5 (full 0):
 PSYoungGen      total 100864K, used 65852K [0x0000000783f00000, 0x000000078a900000, 0x00000007c0000000)
  eden space 93184K, 62% used [0x0000000783f00000,0x00000007877d7320,0x0000000789a00000)
  from space 7680K, 99% used [0x000000078a180000,0x000000078a8f8020,0x000000078a900000)
  to   space 7680K, 0% used [0x0000000789a00000,0x0000000789a00000,0x000000078a180000)
 ParOldGen       total 124416K, used 7922K [0x000000070bc00000, 0x0000000713580000, 0x0000000783f00000)
  object space 124416K, 6% used [0x000000070bc00000,0x000000070c3bcba0,0x0000000713580000)
 Metaspace       used 20648K, capacity 21172K, committed 21296K, reserved 1069056K
  class space    used 2435K, capacity 2622K, committed 2688K, reserved 1048576K
Event: 3.602 GC heap after
Heap after GC invocations=5 (full 0):
 PSYoungGen      total 100864K, used 7663K [0x0000000783f00000, 0x000000078a900000, 0x00000007c0000000)
  eden space 93184K, 0% used [0x0000000783f00000,0x0000000783f00000,0x0000000789a00000)
  from space 7680K, 99% used [0x0000000789a00000,0x000000078a17bf68,0x000000078a180000)
  to   space 7680K, 0% used [0x000000078a180000,0x000000078a180000,0x000000078a900000)
 ParOldGen       total 124416K, used 12140K [0x000000070bc00000, 0x0000000713580000, 0x0000000783f00000)
  object space 124416K, 9% used [0x000000070bc00000,0x000000070c7db358,0x0000000713580000)
 Metaspace       used 20648K, capacity 21172K, committed 21296K, reserved 1069056K
  class space    used 2435K, capacity 2622K, committed 2688K, reserved 1048576K
}
Event: 3.602 GC heap before
{Heap before GC invocations=6 (full 1):
 PSYoungGen      total 100864K, used 7663K [0x0000000783f00000, 0x000000078a900000, 0x00000007c0000000)
  eden space 93184K, 0% used [0x0000000783f00000,0x0000000783f00000,0x0000000789a00000)
  from space 7680K, 99% used [0x0000000789a00000,0x000000078a17bf68,0x000000078a180000)
  to   space 7680K, 0% used [0x000000078a180000,0x000000078a180000,0x000000078a900000)
 ParOldGen       total 124416K, used 12140K [0x000000070bc00000, 0x0000000713580000, 0x0000000783f00000)
  object space 124416K, 9% used [0x000000070bc00000,0x000000070c7db358,0x0000000713580000)
 Metaspace       used 20648K, capacity 21172K, committed 21296K, reserved 1069056K
  class space    used 2435K, capacity 2622K, committed 2688K, reserved 1048576K
Event: 3.673 GC heap after
Heap after GC invocations=6 (full 1):
 PSYoungGen      total 100864K, used 0K [0x0000000783f00000, 0x000000078a900000, 0x00000007c0000000)
  eden space 93184K, 0% used [0x0000000783f00000,0x0000000783f00000,0x0000000789a00000)
  from space 7680K, 0% used [0x0000000789a00000,0x0000000789a00000,0x000000078a180000)
  to   space 7680K, 0% used [0x000000078a180000,0x000000078a180000,0x000000078a900000)
 ParOldGen       total 96768K, used 16131K [0x000000070bc00000, 0x0000000711a80000, 0x0000000783f00000)
  object space 96768K, 16% used [0x000000070bc00000,0x000000070cbc0e78,0x0000000711a80000)
 Metaspace       used 20648K, capacity 21172K, committed 21296K, reserved 1069056K
  class space    used 2435K, capacity 2622K, committed 2688K, reserved 1048576K
}
Event: 4.621 GC heap before
{Heap before GC invocations=7 (full 1):
 PSYoungGen      total 100864K, used 93184K [0x0000000783f00000, 0x000000078a900000, 0x00000007c0000000)
  eden space 93184K, 100% used [0x0000000783f00000,0x0000000789a00000,0x0000000789a00000)
  from space 7680K, 0% used [0x0000000789a00000,0x0000000789a00000,0x000000078a180000)
  to   space 7680K, 0% used [0x000000078a180000,0x000000078a180000,0x000000078a900000)
 ParOldGen       total 96768K, used 16131K [0x000000070bc00000, 0x0000000711a80000, 0x0000000783f00000)
  object space 96768K, 16% used [0x000000070bc00000,0x000000070cbc0e78,0x0000000711a80000)
 Metaspace       used 23608K, capacity 24218K, committed 24448K, reserved 1071104K
  class space    used 2732K, capacity 2911K, committed 2944K, reserved 1048576K
Event: 4.633 GC heap after
Heap after GC invocations=7 (full 1):
 PSYoungGen      total 92160K, used 7675K [0x0000000783f00000, 0x000000078de00000, 0x00000007c0000000)
  eden space 84480K, 0% used [0x0000000783f00000,0x0000000783f00000,0x0000000789180000)
  from space 7680K, 99% used [0x000000078a180000,0x000000078a8fec28,0x000000078a900000)
  to   space 16384K, 0% used [0x0000000789180000,0x0000000789180000,0x000000078a180000)
 ParOldGen       total 96768K, used 24241K [0x000000070bc00000, 0x0000000711a80000, 0x0000000783f00000)
  object space 96768K, 25% used [0x000000070bc00000,0x000000070d3ac5d0,0x0000000711a80000)
 Metaspace       used 23608K, capacity 24218K, committed 24448K, reserved 1071104K
  class space    used 2732K, capacity 2911K, committed 2944K, reserved 1048576K
}

