# JRE version: Java(TM) SE Runtime Environment (8.0_111-b14) (build 1.8.0_111-b14)
# Java VM: Java HotSpot(TM) 64-Bit Server VM (25.111-b14 mixed mode windows-amd64 compressed oops)
Heap:
 PSYoungGen      total 91136K, used 25112K [0x0000000783f00000, 0x000000078e300000, 0x00000007c0000000)
  eden space 83456K, 20% used [0x0000000783f00000,0x0000000785008e88,0x0000000789080000)
  from space 7680K, 99% used [0x000000078a180000,0x000000078a8fd458,0x000000078a900000)
  to   space 17408K, 0% used [0x0000000789080000,0x0000000789080000,0x000000078a180000)
 ParOldGen       total 94720K, used 36208K [0x000000070bc00000, 0x0000000711880000, 0x0000000783f00000)
  object space 94720K, 38% used [0x000000070bc00000,0x000000070df5c120,0x0000000711880000)
 Metaspace       used 27783K, capacity 28616K, committed 28672K, reserved 1075200K
  class space    used 3235K, capacity 3535K, committed 3584K, reserved 1048576K
GC Heap History (10 events):
Event: 4.842 GC heap before
{Heap before GC invocations=5 (full 0):
 PSYoungGen      total 100864K, used 63254K [0x0000000783f00000, 0x000000078a900000, 0x00000007c0000000)
  eden space 93184K, 59% used [0x0000000783f00000,0x000000078754d930,0x0000000789a00000)
  from space 7680K, 99% used [0x000000078a180000,0x000000078a8f8040,0x000000078a900000)
  to   space 7680K, 0% used [0x0000000789a00000,0x0000000789a00000,0x000000078a180000)
 ParOldGen       total 124416K, used 8455K [0x000000070bc00000, 0x0000000713580000, 0x0000000783f00000)
  object space 124416K, 6% used [0x000000070bc00000,0x000000070c441ff0,0x0000000713580000)
 Metaspace       used 20639K, capacity 21184K, committed 21296K, reserved 1069056K
  class space    used 2436K, capacity 2624K, committed 2688K, reserved 1048576K
Event: 4.854 GC heap after
Heap after GC invocations=5 (full 0):
 PSYoungGen      total 100864K, used 7663K [0x0000000783f00000, 0x000000078a900000, 0x00000007c0000000)
  eden space 93184K, 0% used [0x0000000783f00000,0x0000000783f00000,0x0000000789a00000)
  from space 7680K, 99% used [0x0000000789a00000,0x000000078a17bf58,0x000000078a180000)
  to   space 7680K, 0% used [0x000000078a180000,0x000000078a180000,0x000000078a900000)
 ParOldGen       total 124416K, used 12718K [0x000000070bc00000, 0x0000000713580000, 0x0000000783f00000)
  object space 124416K, 10% used [0x000000070bc00000,0x000000070c86bb40,0x0000000713580000)
 Metaspace       used 20639K, capacity 21184K, committed 21296K, reserved 1069056K
  class space    used 2436K, capacity 2624K, committed 2688K, reserved 1048576K
}
Event: 4.854 GC heap before
{Heap before GC invocations=6 (full 1):
 PSYoungGen      total 100864K, used 7663K [0x0000000783f00000, 0x000000078a900000, 0x00000007c0000000)
  eden space 93184K, 0% used [0x0000000783f00000,0x0000000783f00000,0x0000000789a00000)
  from space 7680K, 99% used [0x0000000789a00000,0x000000078a17bf58,0x000000078a180000)
  to   space 7680K, 0% used [0x000000078a180000,0x000000078a180000,0x000000078a900000)
 ParOldGen       total 124416K, used 12718K [0x000000070bc00000, 0x0000000713580000, 0x0000000783f00000)
  object space 124416K, 10% used [0x000000070bc00000,0x000000070c86bb40,0x0000000713580000)
 Metaspace       used 20639K, capacity 21184K, committed 21296K, reserved 1069056K
  class space    used 2436K, capacity 2624K, committed 2688K, reserved 1048576K
Event: 4.933 GC heap after
Heap after GC invocations=6 (full 1):
 PSYoungGen      total 100864K, used 0K [0x0000000783f00000, 0x000000078a900000, 0x00000007c0000000)
  eden space 93184K, 0% used [0x0000000783f00000,0x0000000783f00000,0x0000000789a00000)
  from space 7680K, 0% used [0x0000000789a00000,0x0000000789a00000,0x000000078a180000)
  to   space 7680K, 0% used [0x000000078a180000,0x000000078a180000,0x000000078a900000)
 ParOldGen       total 94720K, used 16129K [0x000000070bc00000, 0x0000000711880000, 0x0000000783f00000)
  object space 94720K, 17% used [0x000000070bc00000,0x000000070cbc0760,0x0000000711880000)
 Metaspace       used 20639K, capacity 21184K, committed 21296K, reserved 1069056K
  class space    used 2436K, capacity 2624K, committed 2688K, reserved 1048576K
}
Event: 7.323 GC heap before
{Heap before GC invocations=7 (full 1):
 PSYoungGen      total 100864K, used 93184K [0x0000000783f00000, 0x000000078a900000, 0x00000007c0000000)
  eden space 93184K, 100% used [0x0000000783f00000,0x0000000789a00000,0x0000000789a00000)
  from space 7680K, 0% used [0x0000000789a00000,0x0000000789a00000,0x000000078a180000)
  to   space 7680K, 0% used [0x000000078a180000,0x000000078a180000,0x000000078a900000)
 ParOldGen       total 94720K, used 16129K [0x000000070bc00000, 0x0000000711880000, 0x0000000783f00000)
  object space 94720K, 17% used [0x000000070bc00000,0x000000070cbc0760,0x0000000711880000)
 Metaspace       used 23695K, capacity 24294K, committed 24448K, reserved 1071104K
  class space    used 2732K, capacity 2913K, committed 2944K, reserved 1048576K
Event: 7.355 GC heap after
Heap after GC invocations=7 (full 1):
 PSYoungGen      total 100864K, used 7658K [0x0000000783f00000, 0x000000078a900000, 0x00000007c0000000)
  eden space 93184K, 0% used [0x0000000783f00000,0x0000000783f00000,0x0000000789a00000)
  from space 7680K, 99% used [0x000000078a180000,0x000000078a8fab58,0x000000078a900000)
  to   space 7680K, 0% used [0x0000000789a00000,0x0000000789a00000,0x000000078a180000)
 ParOldGen       total 94720K, used 24566K [0x000000070bc00000, 0x0000000711880000, 0x0000000783f00000)
  object space 94720K, 25% used [0x000000070bc00000,0x000000070d3fdab8,0x0000000711880000)
 Metaspace       used 23695K, capacity 24294K, committed 24448K, reserved 1071104K
  class space    used 2732K, capacity 2913K, committed 2944K, reserved 1048576K
}
Event: 8.755 GC heap before
{Heap before GC invocations=8 (full 1):
 PSYoungGen      total 100864K, used 100842K [0x0000000783f00000, 0x000000078a900000, 0x00000007c0000000)
  eden space 93184K, 100% used [0x0000000783f00000,0x0000000789a00000,0x0000000789a00000)
  from space 7680K, 99% used [0x000000078a180000,0x000000078a8fab58,0x000000078a900000)
  to   space 7680K, 0% used [0x0000000789a00000,0x0000000789a00000,0x000000078a180000)
 ParOldGen       total 94720K, used 24566K [0x000000070bc00000, 0x0000000711880000, 0x0000000783f00000)
  object space 94720K, 25% used [0x000000070bc00000,0x000000070d3fdab8,0x0000000711880000)
 Metaspace       used 25268K, capacity 25992K, committed 26240K, reserved 1073152K
  class space    used 2935K, capacity 3155K, committed 3200K, reserved 1048576K
Event: 8.770 GC heap after
Heap after GC invocations=8 (full 1):
 PSYoungGen      total 100864K, used 7667K [0x0000000783f00000, 0x000000078a900000, 0x00000007c0000000)
  eden space 93184K, 0% used [0x0000000783f00000,0x0000000783f00000,0x0000000789a00000)
  from space 7680K, 99% used [0x0000000789a00000,0x000000078a17ccc0,0x000000078a180000)
  to   space 7680K, 0% used [0x000000078a180000,0x000000078a180000,0x000000078a900000)
 ParOldGen       total 94720K, used 31955K [0x000000070bc00000, 0x0000000711880000, 0x0000000783f00000)
  object space 94720K, 33% used [0x000000070bc00000,0x000000070db34e68,0x0000000711880000)
 Metaspace       used 25268K, capacity 25992K, committed 26240K, reserved 1073152K
  class space    used 2935K, capacity 3155K, committed 3200K, reserved 1048576K
}
Event: 9.567 GC heap before
{Heap before GC invocations=9 (full 1):
 PSYoungGen      total 100864K, used 100815K [0x0000000783f00000, 0x000000078a900000, 0x00000007c0000000)
  eden space 93184K, 99% used [0x0000000783f00000,0x00000007899f7240,0x0000000789a00000)
  from space 7680K, 99% used [0x0000000789a00000,0x000000078a17ccc0,0x000000078a180000)
  to   space 7680K, 0% used [0x000000078a180000,0x000000078a180000,0x000000078a900000)
 ParOldGen       total 94720K, used 31955K [0x000000070bc00000, 0x0000000711880000, 0x0000000783f00000)
  object space 94720K, 33% used [0x000000070bc00000,0x000000070db34e68,0x0000000711880000)
 Metaspace       used 27580K, capacity 28436K, committed 28672K, reserved 1075200K
  class space    used 3198K, capacity 3495K, committed 3584K, reserved 1048576K
Event: 9.577 GC heap after
Heap after GC invocations=9 (full 1):
 PSYoungGen      total 91136K, used 7669K [0x0000000783f00000, 0x000000078e300000, 0x00000007c0000000)
  eden space 83456K, 0% used [0x0000000783f00000,0x0000000783f00000,0x0000000789080000)
  from space 7680K, 99% used [0x000000078a180000,0x000000078a8fd458,0x000000078a900000)
  to   space 17408K, 0% used [0x0000000789080000,0x0000000789080000,0x000000078a180000)
 ParOldGen       total 94720K, used 36208K [0x000000070bc00000, 0x0000000711880000, 0x0000000783f00000)
  object space 94720K, 38% used [0x000000070bc00000,0x000000070df5c120,0x0000000711880000)
 Metaspace       used 27580K, capacity 28436K, committed 28672K, reserved 1075200K
  class space    used 3198K, capacity 3495K, committed 3584K, reserved 1048576K
}

