# JRE version: Java(TM) SE Runtime Environment (8.0_111-b14) (build 1.8.0_111-b14)
# Java VM: Java HotSpot(TM) 64-Bit Server VM (25.111-b14 mixed mode windows-amd64 compressed oops)
Heap:
 PSYoungGen      total 54272K, used 30689K [0x0000000783f00000, 0x0000000787b80000, 0x00000007c0000000)
  eden space 46592K, 49% used [0x0000000783f00000,0x000000078557c6f0,0x0000000786c80000)
  from space 7680K, 99% used [0x0000000786c80000,0x00000007873fc030,0x0000000787400000)
  to   space 7680K, 0% used [0x0000000787400000,0x0000000787400000,0x0000000787b80000)
 ParOldGen       total 124416K, used 5051K [0x000000070bc00000, 0x0000000713580000, 0x0000000783f00000)
  object space 124416K, 4% used [0x000000070bc00000,0x000000070c0eef30,0x0000000713580000)
 Metaspace       used 15990K, capacity 16254K, committed 16384K, reserved 1062912K
  class space    used 1877K, capacity 1981K, committed 2048K, reserved 1048576K
GC Heap History (6 events):
Event: 1.040 GC heap before
{Heap before GC invocations=1 (full 0):
 PSYoungGen      total 54272K, used 46592K [0x0000000783f00000, 0x0000000787b80000, 0x00000007c0000000)
  eden space 46592K, 100% used [0x0000000783f00000,0x0000000786c80000,0x0000000786c80000)
  from space 7680K, 0% used [0x0000000787400000,0x0000000787400000,0x0000000787b80000)
  to   space 7680K, 0% used [0x0000000786c80000,0x0000000786c80000,0x0000000787400000)
 ParOldGen       total 124416K, used 0K [0x000000070bc00000, 0x0000000713580000, 0x0000000783f00000)
  object space 124416K, 0% used [0x000000070bc00000,0x000000070bc00000,0x0000000713580000)
 Metaspace       used 9699K, capacity 9832K, committed 9984K, reserved 1058816K
  class space    used 1172K, capacity 1210K, committed 1280K, reserved 1048576K
Event: 1.048 GC heap after
Heap after GC invocations=1 (full 0):
 PSYoungGen      total 54272K, used 7191K [0x0000000783f00000, 0x0000000787b80000, 0x00000007c0000000)
  eden space 46592K, 0% used [0x0000000783f00000,0x0000000783f00000,0x0000000786c80000)
  from space 7680K, 93% used [0x0000000786c80000,0x0000000787385df8,0x0000000787400000)
  to   space 7680K, 0% used [0x0000000787400000,0x0000000787400000,0x0000000787b80000)
 ParOldGen       total 124416K, used 16K [0x000000070bc00000, 0x0000000713580000, 0x0000000783f00000)
  object space 124416K, 0% used [0x000000070bc00000,0x000000070bc04000,0x0000000713580000)
 Metaspace       used 9699K, capacity 9832K, committed 9984K, reserved 1058816K
  class space    used 1172K, capacity 1210K, committed 1280K, reserved 1048576K
}
Event: 1.739 GC heap before
{Heap before GC invocations=2 (full 0):
 PSYoungGen      total 54272K, used 53783K [0x0000000783f00000, 0x0000000787b80000, 0x00000007c0000000)
  eden space 46592K, 100% used [0x0000000783f00000,0x0000000786c80000,0x0000000786c80000)
  from space 7680K, 93% used [0x0000000786c80000,0x0000000787385df8,0x0000000787400000)
  to   space 7680K, 0% used [0x0000000787400000,0x0000000787400000,0x0000000787b80000)
 ParOldGen       total 124416K, used 16K [0x000000070bc00000, 0x0000000713580000, 0x0000000783f00000)
  object space 124416K, 0% used [0x000000070bc00000,0x000000070bc04000,0x0000000713580000)
 Metaspace       used 15091K, capacity 15336K, committed 15616K, reserved 1062912K
  class space    used 1833K, capacity 1940K, committed 2048K, reserved 1048576K
Event: 1.749 GC heap after
Heap after GC invocations=2 (full 0):
 PSYoungGen      total 54272K, used 7666K [0x0000000783f00000, 0x0000000787b80000, 0x00000007c0000000)
  eden space 46592K, 0% used [0x0000000783f00000,0x0000000783f00000,0x0000000786c80000)
  from space 7680K, 99% used [0x0000000787400000,0x0000000787b7cbf8,0x0000000787b80000)
  to   space 7680K, 0% used [0x0000000786c80000,0x0000000786c80000,0x0000000787400000)
 ParOldGen       total 124416K, used 2099K [0x000000070bc00000, 0x0000000713580000, 0x0000000783f00000)
  object space 124416K, 1% used [0x000000070bc00000,0x000000070be0cd30,0x0000000713580000)
 Metaspace       used 15091K, capacity 15336K, committed 15616K, reserved 1062912K
  class space    used 1833K, capacity 1940K, committed 2048K, reserved 1048576K
}
Event: 2.214 GC heap before
{Heap before GC invocations=3 (full 0):
 PSYoungGen      total 54272K, used 54258K [0x0000000783f00000, 0x0000000787b80000, 0x00000007c0000000)
  eden space 46592K, 100% used [0x0000000783f00000,0x0000000786c80000,0x0000000786c80000)
  from space 7680K, 99% used [0x0000000787400000,0x0000000787b7cbf8,0x0000000787b80000)
  to   space 7680K, 0% used [0x0000000786c80000,0x0000000786c80000,0x0000000787400000)
 ParOldGen       total 124416K, used 2099K [0x000000070bc00000, 0x0000000713580000, 0x0000000783f00000)
  object space 124416K, 1% used [0x000000070bc00000,0x000000070be0cd30,0x0000000713580000)
 Metaspace       used 15749K, capacity 15980K, committed 16128K, reserved 1062912K
  class space    used 1876K, capacity 1978K, committed 2048K, reserved 1048576K
Event: 2.223 GC heap after
Heap after GC invocations=3 (full 0):
 PSYoungGen      total 54272K, used 7664K [0x0000000783f00000, 0x0000000787b80000, 0x00000007c0000000)
  eden space 46592K, 0% used [0x0000000783f00000,0x0000000783f00000,0x0000000786c80000)
  from space 7680K, 99% used [0x0000000786c80000,0x00000007873fc030,0x0000000787400000)
  to   space 7680K, 0% used [0x0000000787400000,0x0000000787400000,0x0000000787b80000)
 ParOldGen       total 124416K, used 5051K [0x000000070bc00000, 0x0000000713580000, 0x0000000783f00000)
  object space 124416K, 4% used [0x000000070bc00000,0x000000070c0eef30,0x0000000713580000)
 Metaspace       used 15749K, capacity 15980K, committed 16128K, reserved 1062912K
  class space    used 1876K, capacity 1978K, committed 2048K, reserved 1048576K
}

