# JRE version: Java(TM) SE Runtime Environment (8.0_111-b14) (build 1.8.0_111-b14)
# Java VM: Java HotSpot(TM) 64-Bit Server VM (25.111-b14 mixed mode windows-amd64 compressed oops)
Heap:
 PSYoungGen      total 73728K, used 18166K [0x0000000783f00000, 0x0000000789a80000, 0x00000007c0000000)
  eden space 57856K, 3% used [0x0000000783f00000,0x0000000784140328,0x0000000787780000)
  from space 15872K, 99% used [0x0000000787780000,0x00000007886fd510,0x0000000788700000)
  to   space 14336K, 0% used [0x0000000788700000,0x0000000788700000,0x0000000789500000)
 ParOldGen       total 92672K, used 15920K [0x000000070bc00000, 0x0000000711680000, 0x0000000783f00000)
  object space 92672K, 17% used [0x000000070bc00000,0x000000070cb8c0c0,0x0000000711680000)
 Metaspace       used 23689K, capacity 24230K, committed 24448K, reserved 1071104K
  class space    used 2735K, capacity 2913K, committed 2944K, reserved 1048576K
GC Heap History (10 events):
Event: 4.302 GC heap before
{Heap before GC invocations=6 (full 0):
 PSYoungGen      total 54272K, used 17285K [0x0000000783f00000, 0x000000078a900000, 0x00000007c0000000)
  eden space 46592K, 20% used [0x0000000783f00000,0x0000000784865758,0x0000000786c80000)
  from space 7680K, 99% used [0x0000000786c80000,0x00000007873fc010,0x0000000787400000)
  to   space 7680K, 0% used [0x0000000787400000,0x0000000787400000,0x0000000787b80000)
 ParOldGen       total 124416K, used 11159K [0x000000070bc00000, 0x0000000713580000, 0x0000000783f00000)
  object space 124416K, 8% used [0x000000070bc00000,0x000000070c6e5c68,0x0000000713580000)
 Metaspace       used 20678K, capacity 21184K, committed 21296K, reserved 1069056K
  class space    used 2443K, capacity 2624K, committed 2688K, reserved 1048576K
Event: 4.322 GC heap after
Heap after GC invocations=6 (full 0):
 PSYoungGen      total 49152K, used 7648K [0x0000000783f00000, 0x000000078b300000, 0x00000007c0000000)
  eden space 41472K, 0% used [0x0000000783f00000,0x0000000783f00000,0x0000000786780000)
  from space 7680K, 99% used [0x0000000787400000,0x0000000787b78040,0x0000000787b80000)
  to   space 12800K, 0% used [0x0000000786780000,0x0000000786780000,0x0000000787400000)
 ParOldGen       total 124416K, used 11986K [0x000000070bc00000, 0x0000000713580000, 0x0000000783f00000)
  object space 124416K, 9% used [0x000000070bc00000,0x000000070c7b4ba8,0x0000000713580000)
 Metaspace       used 20678K, capacity 21184K, committed 21296K, reserved 1069056K
  class space    used 2443K, capacity 2624K, committed 2688K, reserved 1048576K
}
Event: 4.322 GC heap before
{Heap before GC invocations=7 (full 1):
 PSYoungGen      total 49152K, used 7648K [0x0000000783f00000, 0x000000078b300000, 0x00000007c0000000)
  eden space 41472K, 0% used [0x0000000783f00000,0x0000000783f00000,0x0000000786780000)
  from space 7680K, 99% used [0x0000000787400000,0x0000000787b78040,0x0000000787b80000)
  to   space 12800K, 0% used [0x0000000786780000,0x0000000786780000,0x0000000787400000)
 ParOldGen       total 124416K, used 11986K [0x000000070bc00000, 0x0000000713580000, 0x0000000783f00000)
  object space 124416K, 9% used [0x000000070bc00000,0x000000070c7b4ba8,0x0000000713580000)
 Metaspace       used 20678K, capacity 21184K, committed 21296K, reserved 1069056K
  class space    used 2443K, capacity 2624K, committed 2688K, reserved 1048576K
Event: 4.446 GC heap after
Heap after GC invocations=7 (full 1):
 PSYoungGen      total 49152K, used 0K [0x0000000783f00000, 0x000000078b300000, 0x00000007c0000000)
  eden space 41472K, 0% used [0x0000000783f00000,0x0000000783f00000,0x0000000786780000)
  from space 7680K, 0% used [0x0000000787400000,0x0000000787400000,0x0000000787b80000)
  to   space 12800K, 0% used [0x0000000786780000,0x0000000786780000,0x0000000787400000)
 ParOldGen       total 92672K, used 14873K [0x000000070bc00000, 0x0000000711680000, 0x0000000783f00000)
  object space 92672K, 16% used [0x000000070bc00000,0x000000070ca866d0,0x0000000711680000)
 Metaspace       used 20678K, capacity 21184K, committed 21296K, reserved 1069056K
  class space    used 2443K, capacity 2624K, committed 2688K, reserved 1048576K
}
Event: 4.613 GC heap before
{Heap before GC invocations=8 (full 1):
 PSYoungGen      total 49152K, used 41472K [0x0000000783f00000, 0x000000078b300000, 0x00000007c0000000)
  eden space 41472K, 100% used [0x0000000783f00000,0x0000000786780000,0x0000000786780000)
  from space 7680K, 0% used [0x0000000787400000,0x0000000787400000,0x0000000787b80000)
  to   space 12800K, 0% used [0x0000000786780000,0x0000000786780000,0x0000000787400000)
 ParOldGen       total 92672K, used 14873K [0x000000070bc00000, 0x0000000711680000, 0x0000000783f00000)
  object space 92672K, 16% used [0x000000070bc00000,0x000000070ca866d0,0x0000000711680000)
 Metaspace       used 21631K, capacity 22112K, committed 22448K, reserved 1069056K
  class space    used 2561K, capacity 2720K, committed 2816K, reserved 1048576K
Event: 4.618 GC heap after
Heap after GC invocations=8 (full 1):
 PSYoungGen      total 54272K, used 1300K [0x0000000783f00000, 0x0000000789500000, 0x00000007c0000000)
  eden space 41472K, 0% used [0x0000000783f00000,0x0000000783f00000,0x0000000786780000)
  from space 12800K, 10% used [0x0000000786780000,0x00000007868c51e8,0x0000000787400000)
  to   space 14336K, 0% used [0x0000000788700000,0x0000000788700000,0x0000000789500000)
 ParOldGen       total 92672K, used 14873K [0x000000070bc00000, 0x0000000711680000, 0x0000000783f00000)
  object space 92672K, 16% used [0x000000070bc00000,0x000000070ca866d0,0x0000000711680000)
 Metaspace       used 21631K, capacity 22112K, committed 22448K, reserved 1069056K
  class space    used 2561K, capacity 2720K, committed 2816K, reserved 1048576K
}
Event: 5.548 GC heap before
{Heap before GC invocations=9 (full 1):
 PSYoungGen      total 54272K, used 42772K [0x0000000783f00000, 0x0000000789500000, 0x00000007c0000000)
  eden space 41472K, 100% used [0x0000000783f00000,0x0000000786780000,0x0000000786780000)
  from space 12800K, 10% used [0x0000000786780000,0x00000007868c51e8,0x0000000787400000)
  to   space 14336K, 0% used [0x0000000788700000,0x0000000788700000,0x0000000789500000)
 ParOldGen       total 92672K, used 14873K [0x000000070bc00000, 0x0000000711680000, 0x0000000783f00000)
  object space 92672K, 16% used [0x000000070bc00000,0x000000070ca866d0,0x0000000711680000)
 Metaspace       used 22707K, capacity 23232K, committed 23296K, reserved 1069056K
  class space    used 2634K, capacity 2816K, committed 2816K, reserved 1048576K
Event: 5.591 GC heap after
Heap after GC invocations=9 (full 1):
 PSYoungGen      total 72192K, used 14206K [0x0000000783f00000, 0x0000000789a80000, 0x00000007c0000000)
  eden space 57856K, 0% used [0x0000000783f00000,0x0000000783f00000,0x0000000787780000)
  from space 14336K, 99% used [0x0000000788700000,0x00000007894df890,0x0000000789500000)
  to   space 15872K, 0% used [0x0000000787780000,0x0000000787780000,0x0000000788700000)
 ParOldGen       total 92672K, used 14881K [0x000000070bc00000, 0x0000000711680000, 0x0000000783f00000)
  object space 92672K, 16% used [0x000000070bc00000,0x000000070ca886d0,0x0000000711680000)
 Metaspace       used 22707K, capacity 23232K, committed 23296K, reserved 1069056K
  class space    used 2634K, capacity 2816K, committed 2816K, reserved 1048576K
}
Event: 7.231 GC heap before
{Heap before GC invocations=10 (full 1):
 PSYoungGen      total 72192K, used 72062K [0x0000000783f00000, 0x0000000789a80000, 0x00000007c0000000)
  eden space 57856K, 100% used [0x0000000783f00000,0x0000000787780000,0x0000000787780000)
  from space 14336K, 99% used [0x0000000788700000,0x00000007894df890,0x0000000789500000)
  to   space 15872K, 0% used [0x0000000787780000,0x0000000787780000,0x0000000788700000)
 ParOldGen       total 92672K, used 14881K [0x000000070bc00000, 0x0000000711680000, 0x0000000783f00000)
  object space 92672K, 16% used [0x000000070bc00000,0x000000070ca886d0,0x0000000711680000)
 Metaspace       used 23668K, capacity 24230K, committed 24448K, reserved 1071104K
  class space    used 2731K, capacity 2913K, committed 2944K, reserved 1048576K
Event: 7.241 GC heap after
Heap after GC invocations=10 (full 1):
 PSYoungGen      total 73728K, used 15861K [0x0000000783f00000, 0x0000000789a80000, 0x00000007c0000000)
  eden space 57856K, 0% used [0x0000000783f00000,0x0000000783f00000,0x0000000787780000)
  from space 15872K, 99% used [0x0000000787780000,0x00000007886fd510,0x0000000788700000)
  to   space 14336K, 0% used [0x0000000788700000,0x0000000788700000,0x0000000789500000)
 ParOldGen       total 92672K, used 15920K [0x000000070bc00000, 0x0000000711680000, 0x0000000783f00000)
  object space 92672K, 17% used [0x000000070bc00000,0x000000070cb8c0c0,0x0000000711680000)
 Metaspace       used 23668K, capacity 24230K, committed 24448K, reserved 1071104K
  class space    used 2731K, capacity 2913K, committed 2944K, reserved 1048576K
}

