# JRE version: Java(TM) SE Runtime Environment (8.0_111-b14) (build 1.8.0_111-b14)
# Java VM: Java HotSpot(TM) 64-Bit Server VM (25.111-b14 mixed mode windows-amd64 compressed oops)
Heap:
 PSYoungGen      total 146432K, used 38501K [0x0000000783f00000, 0x0000000791000000, 0x00000007c0000000)
  eden space 130048K, 17% used [0x0000000783f00000,0x00000007854a1288,0x000000078be00000)
  from space 16384K, 99% used [0x000000078f000000,0x000000078fff8180,0x0000000790000000)
  to   space 13824K, 0% used [0x0000000790280000,0x0000000790280000,0x0000000791000000)
 ParOldGen       total 96256K, used 24017K [0x000000070bc00000, 0x0000000711a00000, 0x0000000783f00000)
  object space 96256K, 24% used [0x000000070bc00000,0x000000070d374470,0x0000000711a00000)
 Metaspace       used 26065K, capacity 26740K, committed 26880K, reserved 1073152K
  class space    used 3017K, capacity 3253K, committed 3328K, reserved 1048576K
GC Heap History (10 events):
Event: 3.638 GC heap before
{Heap before GC invocations=4 (full 0):
 PSYoungGen      total 54272K, used 54256K [0x0000000783f00000, 0x000000078a900000, 0x00000007c0000000)
  eden space 46592K, 100% used [0x0000000783f00000,0x0000000786c80000,0x0000000786c80000)
  from space 7680K, 99% used [0x0000000786c80000,0x00000007873fc050,0x0000000787400000)
  to   space 7680K, 0% used [0x000000078a180000,0x000000078a180000,0x000000078a900000)
 ParOldGen       total 124416K, used 5065K [0x000000070bc00000, 0x0000000713580000, 0x0000000783f00000)
  object space 124416K, 4% used [0x000000070bc00000,0x000000070c0f2448,0x0000000713580000)
 Metaspace       used 16742K, capacity 17142K, committed 17280K, reserved 1064960K
  class space    used 1962K, capacity 2085K, committed 2176K, reserved 1048576K
Event: 3.655 GC heap after
Heap after GC invocations=4 (full 0):
 PSYoungGen      total 100864K, used 7664K [0x0000000783f00000, 0x000000078a900000, 0x00000007c0000000)
  eden space 93184K, 0% used [0x0000000783f00000,0x0000000783f00000,0x0000000789a00000)
  from space 7680K, 99% used [0x000000078a180000,0x000000078a8fc030,0x000000078a900000)
  to   space 7680K, 0% used [0x0000000789a00000,0x0000000789a00000,0x000000078a180000)
 ParOldGen       total 124416K, used 8142K [0x000000070bc00000, 0x0000000713580000, 0x0000000783f00000)
  object space 124416K, 6% used [0x000000070bc00000,0x000000070c3f3848,0x0000000713580000)
 Metaspace       used 16742K, capacity 17142K, committed 17280K, reserved 1064960K
  class space    used 1962K, capacity 2085K, committed 2176K, reserved 1048576K
}
Event: 4.730 GC heap before
{Heap before GC invocations=5 (full 0):
 PSYoungGen      total 100864K, used 63412K [0x0000000783f00000, 0x000000078a900000, 0x00000007c0000000)
  eden space 93184K, 59% used [0x0000000783f00000,0x00000007875711c0,0x0000000789a00000)
  from space 7680K, 99% used [0x000000078a180000,0x000000078a8fc030,0x000000078a900000)
  to   space 7680K, 0% used [0x0000000789a00000,0x0000000789a00000,0x000000078a180000)
 ParOldGen       total 124416K, used 8142K [0x000000070bc00000, 0x0000000713580000, 0x0000000783f00000)
  object space 124416K, 6% used [0x000000070bc00000,0x000000070c3f3848,0x0000000713580000)
 Metaspace       used 20671K, capacity 21172K, committed 21296K, reserved 1069056K
  class space    used 2434K, capacity 2622K, committed 2688K, reserved 1048576K
Event: 4.742 GC heap after
Heap after GC invocations=5 (full 0):
 PSYoungGen      total 100864K, used 7679K [0x0000000783f00000, 0x0000000791000000, 0x00000007c0000000)
  eden space 93184K, 0% used [0x0000000783f00000,0x0000000783f00000,0x0000000789a00000)
  from space 7680K, 99% used [0x0000000789a00000,0x000000078a17ff58,0x000000078a180000)
  to   space 13824K, 0% used [0x0000000790280000,0x0000000790280000,0x0000000791000000)
 ParOldGen       total 124416K, used 12390K [0x000000070bc00000, 0x0000000713580000, 0x0000000783f00000)
  object space 124416K, 9% used [0x000000070bc00000,0x000000070c819958,0x0000000713580000)
 Metaspace       used 20671K, capacity 21172K, committed 21296K, reserved 1069056K
  class space    used 2434K, capacity 2622K, committed 2688K, reserved 1048576K
}
Event: 4.742 GC heap before
{Heap before GC invocations=6 (full 1):
 PSYoungGen      total 100864K, used 7679K [0x0000000783f00000, 0x0000000791000000, 0x00000007c0000000)
  eden space 93184K, 0% used [0x0000000783f00000,0x0000000783f00000,0x0000000789a00000)
  from space 7680K, 99% used [0x0000000789a00000,0x000000078a17ff58,0x000000078a180000)
  to   space 13824K, 0% used [0x0000000790280000,0x0000000790280000,0x0000000791000000)
 ParOldGen       total 124416K, used 12390K [0x000000070bc00000, 0x0000000713580000, 0x0000000783f00000)
  object space 124416K, 9% used [0x000000070bc00000,0x000000070c819958,0x0000000713580000)
 Metaspace       used 20671K, capacity 21172K, committed 21296K, reserved 1069056K
  class space    used 2434K, capacity 2622K, committed 2688K, reserved 1048576K
Event: 4.831 GC heap after
Heap after GC invocations=6 (full 1):
 PSYoungGen      total 100864K, used 0K [0x0000000783f00000, 0x0000000791000000, 0x00000007c0000000)
  eden space 93184K, 0% used [0x0000000783f00000,0x0000000783f00000,0x0000000789a00000)
  from space 7680K, 0% used [0x0000000789a00000,0x0000000789a00000,0x000000078a180000)
  to   space 13824K, 0% used [0x0000000790280000,0x0000000790280000,0x0000000791000000)
 ParOldGen       total 96256K, used 16128K [0x000000070bc00000, 0x0000000711a00000, 0x0000000783f00000)
  object space 96256K, 16% used [0x000000070bc00000,0x000000070cbc0280,0x0000000711a00000)
 Metaspace       used 20671K, capacity 21172K, committed 21296K, reserved 1069056K
  class space    used 2434K, capacity 2622K, committed 2688K, reserved 1048576K
}
Event: 6.819 GC heap before
{Heap before GC invocations=7 (full 1):
 PSYoungGen      total 100864K, used 93184K [0x0000000783f00000, 0x0000000791000000, 0x00000007c0000000)
  eden space 93184K, 100% used [0x0000000783f00000,0x0000000789a00000,0x0000000789a00000)
  from space 7680K, 0% used [0x0000000789a00000,0x0000000789a00000,0x000000078a180000)
  to   space 13824K, 0% used [0x0000000790280000,0x0000000790280000,0x0000000791000000)
 ParOldGen       total 96256K, used 16128K [0x000000070bc00000, 0x0000000711a00000, 0x0000000783f00000)
  object space 96256K, 16% used [0x000000070bc00000,0x000000070cbc0280,0x0000000711a00000)
 Metaspace       used 23701K, capacity 24218K, committed 24448K, reserved 1071104K
  class space    used 2729K, capacity 2911K, committed 2944K, reserved 1048576K
Event: 6.839 GC heap after
Heap after GC invocations=7 (full 1):
 PSYoungGen      total 143872K, used 13807K [0x0000000783f00000, 0x0000000791000000, 0x00000007c0000000)
  eden space 130048K, 0% used [0x0000000783f00000,0x0000000783f00000,0x000000078be00000)
  from space 13824K, 99% used [0x0000000790280000,0x0000000790ffbd00,0x0000000791000000)
  to   space 16384K, 0% used [0x000000078f000000,0x000000078f000000,0x0000000790000000)
 ParOldGen       total 96256K, used 18082K [0x000000070bc00000, 0x0000000711a00000, 0x0000000783f00000)
  object space 96256K, 18% used [0x000000070bc00000,0x000000070cda89c8,0x0000000711a00000)
 Metaspace       used 23701K, capacity 24218K, committed 24448K, reserved 1071104K
  class space    used 2729K, capacity 2911K, committed 2944K, reserved 1048576K
}
Event: 9.205 GC heap before
{Heap before GC invocations=8 (full 1):
 PSYoungGen      total 143872K, used 143855K [0x0000000783f00000, 0x0000000791000000, 0x00000007c0000000)
  eden space 130048K, 100% used [0x0000000783f00000,0x000000078be00000,0x000000078be00000)
  from space 13824K, 99% used [0x0000000790280000,0x0000000790ffbd00,0x0000000791000000)
  to   space 16384K, 0% used [0x000000078f000000,0x000000078f000000,0x0000000790000000)
 ParOldGen       total 96256K, used 18082K [0x000000070bc00000, 0x0000000711a00000, 0x0000000783f00000)
  object space 96256K, 18% used [0x000000070bc00000,0x000000070cda89c8,0x0000000711a00000)
 Metaspace       used 26041K, capacity 26728K, committed 26880K, reserved 1073152K
  class space    used 3016K, capacity 3251K, committed 3328K, reserved 1048576K
Event: 9.242 GC heap after
Heap after GC invocations=8 (full 1):
 PSYoungGen      total 146432K, used 16352K [0x0000000783f00000, 0x0000000791000000, 0x00000007c0000000)
  eden space 130048K, 0% used [0x0000000783f00000,0x0000000783f00000,0x000000078be00000)
  from space 16384K, 99% used [0x000000078f000000,0x000000078fff8180,0x0000000790000000)
  to   space 13824K, 0% used [0x0000000790280000,0x0000000790280000,0x0000000791000000)
 ParOldGen       total 96256K, used 24017K [0x000000070bc00000, 0x0000000711a00000, 0x0000000783f00000)
  object space 96256K, 24% used [0x000000070bc00000,0x000000070d374470,0x0000000711a00000)
 Metaspace       used 26041K, capacity 26728K, committed 26880K, reserved 1073152K
  class space    used 3016K, capacity 3251K, committed 3328K, reserved 1048576K
}

